<?xml version="1.0" encoding="UTF-8"?>
<!-- Generated by org.testng.reporters.JUnitReportReporter -->
<testsuite hostname="STO-21560" failures="0" tests="1" name="TestCase" time="12.911" errors="0" timestamp="03 Jul 2021 13:46:45 GMT" skipped="0">
  <testcase classname="TestCase" name="createCoupon" time="12.911"/>
</testsuite> <!-- TestCase -->
